<?xml version="1.0" encoding="UTF-8" ?>
<testsuite failures="0" time="0.359" errors="0" skipped="0" tests="1" name="com.mui.AppTest">
  <properties>
    <property name="java.runtime.name" value="Java(TM) SE Runtime Environment"/>
    <property name="sun.boot.library.path" value="D:\TOOLS\Java\jdk1.6.0_06\jre\bin"/>
    <property name="java.vm.version" value="10.0-b22"/>
    <property name="java.vm.vendor" value="Sun Microsystems Inc."/>
    <property name="java.vendor.url" value="http://java.sun.com/"/>
    <property name="path.separator" value=";"/>
    <property name="java.vm.name" value="Java HotSpot(TM) Client VM"/>
    <property name="file.encoding.pkg" value="sun.io"/>
    <property name="user.country" value="US"/>
    <property name="sun.java.launcher" value="SUN_STANDARD"/>
    <property name="sun.os.patch.level" value="Service Pack 3"/>
    <property name="java.vm.specification.name" value="Java Virtual Machine Specification"/>
    <property name="user.dir" value="D:\SVN_HOME\MAVEN_GUI\trunk\maven-gui"/>
    <property name="java.runtime.version" value="1.6.0_06-b02"/>
    <property name="java.awt.graphicsenv" value="sun.awt.Win32GraphicsEnvironment"/>
    <property name="basedir" value="D:\SVN_HOME\MAVEN_GUI\trunk\maven-gui"/>
    <property name="java.endorsed.dirs" value="D:\TOOLS\Java\jdk1.6.0_06\jre\lib\endorsed"/>
    <property name="os.arch" value="x86"/>
    <property name="surefire.real.class.path" value="C:\DOCUME~1\sabuj.das\LOCALS~1\Temp\surefirebooter41686.jar"/>
    <property name="java.io.tmpdir" value="C:\DOCUME~1\sabuj.das\LOCALS~1\Temp\"/>
    <property name="line.separator" value="
"/>
    <property name="java.vm.specification.vendor" value="Sun Microsystems Inc."/>
    <property name="user.variant" value=""/>
    <property name="os.name" value="Windows XP"/>
    <property name="sun.jnu.encoding" value="Cp1252"/>
    <property name="java.library.path" value="D:\TOOLS\Java\jdk1.6.0_06\jre\bin;.;C:\WINDOWS\Sun\Java\bin;C:\WINDOWS\system32;C:\WINDOWS;C:\Program Files\PHP\;D:\TOOLS\ColdFusion_8\verity\k2\_nti40\bin;C:\WINDOWS\system32;D:\PROGRAM_FILES\Range Software\GTK\bin;D:\PROGRAM_FILES\Range Software\bin;C:\Perl\site\bin;C:\Perl\bin;C:\WINDOWS\system32;C:\WINDOWS;C:\WINDOWS\System32\Wbem;D:\TOOLS\Java\jdk1.6.0_06\bin;D:\TOOLS\maven-2.0.6\bin;D:\TOOLS\mysql\bin;C:\Program Files\ImageConverter Plus;D:\TOOLS\mysql\bin;D:\TOOLS\apache-activemq-5.1.0\bin;C:\Program Files\TortoiseSVN\bin;D:\TOOLS\Ant-1.7.0\bin;C:\Program Files\QuickTime\QTSystem\;c:\Program Files\Microsoft SQL Server\90\Tools\binn\"/>
    <property name="surefire.test.class.path" value="D:\SVN_HOME\MAVEN_GUI\trunk\maven-gui\target\classes;D:\SVN_HOME\MAVEN_GUI\trunk\maven-gui\target\test-classes;D:\SVN_HOME\MAVEN_GUI\trunk\libs\OfficeLnFs_2.7.jar;D:\TOOLS\LOCAL\REPO\log4j\log4j\1.2.15\log4j-1.2.15.jar;D:\TOOLS\LOCAL\REPO\javax\activation\activation\1.1\activation-1.1.jar;D:\TOOLS\LOCAL\REPO\com\sun\jmx\jmxri\1.2.1\jmxri-1.2.1.jar;D:\TOOLS\LOCAL\REPO\javax\jms\jms\1.1\jms-1.1.jar;D:\TOOLS\LOCAL\REPO\junit\junit\3.8.1\junit-3.8.1.jar;D:\TOOLS\LOCAL\REPO\com\sun\jdmk\jmxtools\1.2.1\jmxtools-1.2.1.jar;D:\TOOLS\LOCAL\REPO\javax\mail\mail\1.4\mail-1.4.jar;"/>
    <property name="java.specification.name" value="Java Platform API Specification"/>
    <property name="java.class.version" value="50.0"/>
    <property name="sun.management.compiler" value="HotSpot Client Compiler"/>
    <property name="os.version" value="5.1"/>
    <property name="user.home" value="C:\Documents and Settings\sabuj.das"/>
    <property name="user.timezone" value=""/>
    <property name="java.awt.printerjob" value="sun.awt.windows.WPrinterJob"/>
    <property name="java.specification.version" value="1.6"/>
    <property name="file.encoding" value="Cp1252"/>
    <property name="user.name" value="sabuj.das"/>
    <property name="java.class.path" value="D:\SVN_HOME\MAVEN_GUI\trunk\maven-gui\target\classes;D:\SVN_HOME\MAVEN_GUI\trunk\maven-gui\target\test-classes;D:\SVN_HOME\MAVEN_GUI\trunk\libs\OfficeLnFs_2.7.jar;D:\TOOLS\LOCAL\REPO\log4j\log4j\1.2.15\log4j-1.2.15.jar;D:\TOOLS\LOCAL\REPO\javax\activation\activation\1.1\activation-1.1.jar;D:\TOOLS\LOCAL\REPO\com\sun\jmx\jmxri\1.2.1\jmxri-1.2.1.jar;D:\TOOLS\LOCAL\REPO\javax\jms\jms\1.1\jms-1.1.jar;D:\TOOLS\LOCAL\REPO\junit\junit\3.8.1\junit-3.8.1.jar;D:\TOOLS\LOCAL\REPO\com\sun\jdmk\jmxtools\1.2.1\jmxtools-1.2.1.jar;D:\TOOLS\LOCAL\REPO\javax\mail\mail\1.4\mail-1.4.jar;"/>
    <property name="java.vm.specification.version" value="1.0"/>
    <property name="sun.arch.data.model" value="32"/>
    <property name="java.home" value="D:\TOOLS\Java\jdk1.6.0_06\jre"/>
    <property name="java.specification.vendor" value="Sun Microsystems Inc."/>
    <property name="user.language" value="en"/>
    <property name="awt.toolkit" value="sun.awt.windows.WToolkit"/>
    <property name="java.vm.info" value="mixed mode, sharing"/>
    <property name="java.version" value="1.6.0_06"/>
    <property name="java.ext.dirs" value="D:\TOOLS\Java\jdk1.6.0_06\jre\lib\ext;C:\WINDOWS\Sun\Java\lib\ext"/>
    <property name="sun.boot.class.path" value="D:\TOOLS\Java\jdk1.6.0_06\jre\lib\resources.jar;D:\TOOLS\Java\jdk1.6.0_06\jre\lib\rt.jar;D:\TOOLS\Java\jdk1.6.0_06\jre\lib\sunrsasign.jar;D:\TOOLS\Java\jdk1.6.0_06\jre\lib\jsse.jar;D:\TOOLS\Java\jdk1.6.0_06\jre\lib\jce.jar;D:\TOOLS\Java\jdk1.6.0_06\jre\lib\charsets.jar;D:\TOOLS\Java\jdk1.6.0_06\jre\classes"/>
    <property name="java.vendor" value="Sun Microsystems Inc."/>
    <property name="localRepository" value="D:\TOOLS\LOCAL\REPO"/>
    <property name="file.separator" value="\"/>
    <property name="java.vendor.url.bug" value="http://java.sun.com/cgi-bin/bugreport.cgi"/>
    <property name="sun.cpu.endian" value="little"/>
    <property name="sun.io.unicode.encoding" value="UnicodeLittle"/>
    <property name="sun.desktop" value="windows"/>
    <property name="sun.cpu.isalist" value=""/>
  </properties>
  <testcase time="0.016" classname="com.mui.AppTest" name="testApp"/>
</testsuite>